<?xml version="1.0" encoding="UTF-8"?>
<!-- Generated by org.testng.reporters.JUnitXMLReporter -->
<testsuite hostname="Dt0074" name="Default test" tests="6" failures="0" timestamp="19 Feb 2020 13:33:07 GMT" time="56.319" errors="0">
  <testcase name="go_to_Import" time="1.645" classname="VIA_Sanity_Scripts.VIA_Import_Test"/>
  <testcase name="hierachy_Import" time="17.559" classname="VIA_Sanity_Scripts.VIA_Import_Test"/>
  <testcase name="users_Import" time="6.968" classname="VIA_Sanity_Scripts.VIA_Import_Test"/>
  <testcase name="grouptemplates_Import" time="0.004" classname="VIA_Sanity_Scripts.VIA_Import_Test"/>
  <testcase name="groups_Import" time="0.004" classname="VIA_Sanity_Scripts.VIA_Import_Test"/>
  <testcase name="membership_Import" time="0.022" classname="VIA_Sanity_Scripts.VIA_Import_Test"/>
</testsuite> <!-- Default test -->
