<?xml version="1.0" encoding="UTF-8"?>
<!-- Generated by org.testng.reporters.JUnitXMLReporter -->
<testsuite hostname="Dt0074" name="Test" tests="6" failures="0" timestamp="7 Feb 2020 10:43:56 GMT" time="65.616" errors="0">
  <testcase name="go_to_Import" time="1.66" classname="VIA_Sanity_Scripts.VIA_Import_Test"/>
  <testcase name="hierachy_Import" time="17.201" classname="VIA_Sanity_Scripts.VIA_Import_Test"/>
  <testcase name="users_Import" time="6.448" classname="VIA_Sanity_Scripts.VIA_Import_Test"/>
  <testcase name="grouptemplates_Import" time="0.004" classname="VIA_Sanity_Scripts.VIA_Import_Test"/>
  <testcase name="groups_Import" time="0.003" classname="VIA_Sanity_Scripts.VIA_Import_Test"/>
  <testcase name="membership_Import" time="0.004" classname="VIA_Sanity_Scripts.VIA_Import_Test"/>
</testsuite> <!-- Test -->
