<?xml version="1.0" encoding="UTF-8"?>
<testng-results skipped="0" failed="0" total="6" passed="6">
  <reporter-output>
  </reporter-output>
  <suite name="Default suite" duration-ms="56319" started-at="2020-02-19T13:32:11Z" finished-at="2020-02-19T13:33:07Z">
    <groups>
    </groups>
    <test name="Default test" duration-ms="56319" started-at="2020-02-19T13:32:11Z" finished-at="2020-02-19T13:33:07Z">
      <class name="VIA_Sanity_Scripts.VIA_Import_Test">
        <test-method status="PASS" signature="classLevelSetup()[pri:0, instance:VIA_Sanity_Scripts.VIA_Import_Test@7d9d1a19]" name="classLevelSetup" is-config="true" duration-ms="18914" started-at="2020-02-19T19:02:11Z" finished-at="2020-02-19T19:02:29Z">
          <reporter-output>
          </reporter-output>
        </test-method> <!-- classLevelSetup -->
        <test-method status="PASS" signature="locatorproperties()[pri:0, instance:VIA_Sanity_Scripts.VIA_Import_Test@7d9d1a19]" name="locatorproperties" is-config="true" duration-ms="1" started-at="2020-02-19T19:02:29Z" finished-at="2020-02-19T19:02:29Z">
          <reporter-output>
          </reporter-output>
        </test-method> <!-- locatorproperties -->
        <test-method status="PASS" signature="methodLevelSetup()[pri:0, instance:VIA_Sanity_Scripts.VIA_Import_Test@7d9d1a19]" name="methodLevelSetup" is-config="true" duration-ms="15" started-at="2020-02-19T19:02:29Z" finished-at="2020-02-19T19:02:29Z">
          <reporter-output>
          </reporter-output>
        </test-method> <!-- methodLevelSetup -->
        <test-method status="PASS" signature="testLevelSetup()[pri:0, instance:VIA_Sanity_Scripts.VIA_Import_Test@7d9d1a19]" name="testLevelSetup" is-config="true" duration-ms="11137" started-at="2020-02-19T19:02:29Z" finished-at="2020-02-19T19:02:41Z">
          <reporter-output>
          </reporter-output>
        </test-method> <!-- testLevelSetup -->
        <test-method status="PASS" signature="go_to_Import(java.lang.reflect.Method)[pri:0, instance:VIA_Sanity_Scripts.VIA_Import_Test@7d9d1a19]" name="go_to_Import" duration-ms="1645" started-at="2020-02-19T19:02:41Z" description="Import Functionality" finished-at="2020-02-19T19:02:42Z">
          <params>
            <param index="0">
              <value>
                <![CDATA[public void VIA_Sanity_Scripts.VIA_Import_Test.go_to_Import(java.lang.reflect.Method) throws java.io.IOException]]>
              </value>
            </param>
          </params>
          <reporter-output>
          </reporter-output>
        </test-method> <!-- go_to_Import -->
        <test-method status="PASS" signature="hierachy_Import(java.lang.reflect.Method)[pri:0, instance:VIA_Sanity_Scripts.VIA_Import_Test@7d9d1a19]" name="hierachy_Import" duration-ms="17559" started-at="2020-02-19T19:02:42Z" description="Hierarchy Import Functionality" finished-at="2020-02-19T19:03:00Z">
          <params>
            <param index="0">
              <value>
                <![CDATA[public void VIA_Sanity_Scripts.VIA_Import_Test.hierachy_Import(java.lang.reflect.Method) throws java.io.IOException]]>
              </value>
            </param>
          </params>
          <reporter-output>
          </reporter-output>
        </test-method> <!-- hierachy_Import -->
        <test-method status="PASS" signature="users_Import(java.lang.reflect.Method)[pri:0, instance:VIA_Sanity_Scripts.VIA_Import_Test@7d9d1a19]" name="users_Import" duration-ms="6968" started-at="2020-02-19T19:03:00Z" description="Users Import Functionality" finished-at="2020-02-19T19:03:07Z">
          <params>
            <param index="0">
              <value>
                <![CDATA[public void VIA_Sanity_Scripts.VIA_Import_Test.users_Import(java.lang.reflect.Method) throws java.io.IOException]]>
              </value>
            </param>
          </params>
          <reporter-output>
          </reporter-output>
        </test-method> <!-- users_Import -->
        <test-method status="PASS" signature="grouptemplates_Import(java.lang.reflect.Method)[pri:0, instance:VIA_Sanity_Scripts.VIA_Import_Test@7d9d1a19]" name="grouptemplates_Import" duration-ms="4" started-at="2020-02-19T19:03:07Z" description="Group Template Import Functionality" finished-at="2020-02-19T19:03:07Z">
          <params>
            <param index="0">
              <value>
                <![CDATA[public void VIA_Sanity_Scripts.VIA_Import_Test.grouptemplates_Import(java.lang.reflect.Method) throws java.io.IOException]]>
              </value>
            </param>
          </params>
          <reporter-output>
          </reporter-output>
        </test-method> <!-- grouptemplates_Import -->
        <test-method status="PASS" signature="groups_Import(java.lang.reflect.Method)[pri:0, instance:VIA_Sanity_Scripts.VIA_Import_Test@7d9d1a19]" name="groups_Import" duration-ms="4" started-at="2020-02-19T19:03:07Z" description="Group Import Functionality" finished-at="2020-02-19T19:03:07Z">
          <params>
            <param index="0">
              <value>
                <![CDATA[public void VIA_Sanity_Scripts.VIA_Import_Test.groups_Import(java.lang.reflect.Method) throws java.io.IOException]]>
              </value>
            </param>
          </params>
          <reporter-output>
          </reporter-output>
        </test-method> <!-- groups_Import -->
        <test-method status="PASS" signature="membership_Import(java.lang.reflect.Method)[pri:0, instance:VIA_Sanity_Scripts.VIA_Import_Test@7d9d1a19]" name="membership_Import" duration-ms="22" started-at="2020-02-19T19:03:07Z" description="Membership Import Functionality" finished-at="2020-02-19T19:03:07Z">
          <params>
            <param index="0">
              <value>
                <![CDATA[public void VIA_Sanity_Scripts.VIA_Import_Test.membership_Import(java.lang.reflect.Method) throws java.io.IOException]]>
              </value>
            </param>
          </params>
          <reporter-output>
          </reporter-output>
        </test-method> <!-- membership_Import -->
        <test-method status="PASS" signature="teardown()[pri:0, instance:VIA_Sanity_Scripts.VIA_Import_Test@7d9d1a19]" name="teardown" is-config="true" duration-ms="0" started-at="2020-02-19T19:03:07Z" finished-at="2020-02-19T19:03:07Z">
          <reporter-output>
          </reporter-output>
        </test-method> <!-- teardown -->
      </class> <!-- VIA_Sanity_Scripts.VIA_Import_Test -->
    </test> <!-- Default test -->
  </suite> <!-- Default suite -->
</testng-results>
